[1003/132143.775:ERROR:process_reader_win.cc(123)] NtOpenThread: {Access Denied} A process has requested access to an object, but has not been granted those access rights. (0xc0000022)
[1003/132143.787:ERROR:exception_snapshot_win.cc(98)] thread ID 17392 not found in process
[1004/140033.342:ERROR:process_reader_win.cc(151)] SuspendThread: Access is denied. (0x5)
[1004/140033.343:ERROR:process_reader_win.cc(151)] SuspendThread: Access is denied. (0x5)
[1004/140033.343:ERROR:process_reader_win.cc(151)] SuspendThread: Access is denied. (0x5)
[1004/140033.343:ERROR:process_reader_win.cc(151)] SuspendThread: Access is denied. (0x5)
[1004/140033.343:ERROR:process_reader_win.cc(123)] NtOpenThread: {Access Denied} A process has requested access to an object, but has not been granted those access rights. (0xc0000022)
[1004/140033.344:ERROR:exception_snapshot_win.cc(98)] thread ID 2480 not found in process
[1004/140033.348:ERROR:process_reader_win.cc(151)] SuspendThread: Access is denied. (0x5)
[1004/140033.349:ERROR:process_reader_win.cc(151)] SuspendThread: Access is denied. (0x5)
[1004/140033.349:ERROR:process_reader_win.cc(151)] SuspendThread: Access is denied. (0x5)
[1004/140033.349:ERROR:process_reader_win.cc(151)] SuspendThread: Access is denied. (0x5)
[1004/140033.349:ERROR:process_reader_win.cc(123)] NtOpenThread: {Access Denied} A process has requested access to an object, but has not been granted those access rights. (0xc0000022)
[1004/140033.349:ERROR:exception_snapshot_win.cc(98)] thread ID 23048 not found in process
[1008/143112.505:ERROR:process_reader_win.cc(123)] NtOpenThread: {Access Denied} A process has requested access to an object, but has not been granted those access rights. (0xc0000022)
[1008/143112.512:ERROR:exception_snapshot_win.cc(98)] thread ID 17184 not found in process
[1008/143146.500:ERROR:process_reader_win.cc(151)] SuspendThread: Access is denied. (0x5)
[1008/143146.500:ERROR:process_reader_win.cc(151)] SuspendThread: Access is denied. (0x5)
[1008/143146.500:ERROR:process_reader_win.cc(123)] NtOpenThread: {Access Denied} A process has requested access to an object, but has not been granted those access rights. (0xc0000022)
[1008/143146.501:ERROR:exception_snapshot_win.cc(98)] thread ID 11852 not found in process
[1009/164910.267:ERROR:process_reader_win.cc(151)] SuspendThread: Access is denied. (0x5)
[1009/164910.268:ERROR:process_reader_win.cc(123)] NtOpenThread: {Access Denied} A process has requested access to an object, but has not been granted those access rights. (0xc0000022)
[1009/164910.276:ERROR:exception_snapshot_win.cc(98)] thread ID 7996 not found in process
[1014/100311.343:ERROR:process_reader_win.cc(123)] NtOpenThread: {Access Denied} A process has requested access to an object, but has not been granted those access rights. (0xc0000022)
[1014/100311.349:ERROR:exception_snapshot_win.cc(98)] thread ID 7936 not found in process
[1105/171919.745:ERROR:process_reader_win.cc(123)] NtOpenThread: {Access Denied} A process has requested access to an object, but has not been granted those access rights. (0xc0000022)
[1105/171919.770:ERROR:exception_snapshot_win.cc(98)] thread ID 5472 not found in process
[1107/164206.303:ERROR:process_reader_win.cc(151)] SuspendThread: Access is denied. (0x5)
[1107/164206.308:ERROR:process_reader_win.cc(151)] SuspendThread: Access is denied. (0x5)
[1107/164206.308:ERROR:process_reader_win.cc(151)] SuspendThread: Access is denied. (0x5)
[1107/164206.308:ERROR:process_reader_win.cc(151)] SuspendThread: Access is denied. (0x5)
[1107/164206.308:ERROR:process_reader_win.cc(151)] SuspendThread: Access is denied. (0x5)
[1107/164206.308:ERROR:process_reader_win.cc(151)] SuspendThread: Access is denied. (0x5)
[1107/164206.308:ERROR:process_reader_win.cc(151)] SuspendThread: Access is denied. (0x5)
[1107/164206.308:ERROR:process_reader_win.cc(151)] SuspendThread: Access is denied. (0x5)
[1107/164206.308:ERROR:process_reader_win.cc(151)] SuspendThread: Access is denied. (0x5)
[1107/164206.308:ERROR:process_reader_win.cc(151)] SuspendThread: Access is denied. (0x5)
[1107/164206.308:ERROR:process_reader_win.cc(123)] NtOpenThread: An invalid Client ID was specified. (0xc000000b)
[1107/164206.361:ERROR:process_reader_win.cc(151)] SuspendThread: Access is denied. (0x5)
[1107/164206.361:ERROR:process_reader_win.cc(151)] SuspendThread: Access is denied. (0x5)
[1107/164206.361:ERROR:process_reader_win.cc(151)] SuspendThread: Access is denied. (0x5)
[1107/164206.361:ERROR:process_reader_win.cc(151)] SuspendThread: Access is denied. (0x5)
[1107/164206.361:ERROR:process_reader_win.cc(151)] SuspendThread: Access is denied. (0x5)
[1107/164206.361:ERROR:process_reader_win.cc(151)] SuspendThread: Access is denied. (0x5)
[1107/164206.361:ERROR:process_reader_win.cc(151)] SuspendThread: Access is denied. (0x5)
[1107/164206.361:ERROR:process_reader_win.cc(151)] SuspendThread: Access is denied. (0x5)
[1107/164206.361:ERROR:process_reader_win.cc(151)] SuspendThread: Access is denied. (0x5)
[1107/164206.361:ERROR:process_reader_win.cc(151)] SuspendThread: Access is denied. (0x5)
[1107/164206.361:ERROR:process_reader_win.cc(151)] SuspendThread: Access is denied. (0x5)
[1107/164206.361:ERROR:process_reader_win.cc(151)] SuspendThread: Access is denied. (0x5)
[1107/164206.361:ERROR:process_reader_win.cc(151)] SuspendThread: Access is denied. (0x5)
[1107/164206.361:ERROR:process_reader_win.cc(151)] SuspendThread: Access is denied. (0x5)
[1107/164206.361:ERROR:process_reader_win.cc(151)] SuspendThread: Access is denied. (0x5)
[1107/164206.361:ERROR:process_reader_win.cc(151)] SuspendThread: Access is denied. (0x5)
[1107/164206.361:ERROR:process_reader_win.cc(151)] SuspendThread: Access is denied. (0x5)
[1107/164206.361:ERROR:process_reader_win.cc(151)] SuspendThread: Access is denied. (0x5)
[1107/164206.361:ERROR:process_reader_win.cc(151)] SuspendThread: Access is denied. (0x5)
[1107/164206.361:ERROR:process_reader_win.cc(151)] SuspendThread: Access is denied. (0x5)
[1107/164206.361:ERROR:process_reader_win.cc(151)] SuspendThread: Access is denied. (0x5)
[1107/164206.361:ERROR:process_reader_win.cc(151)] SuspendThread: Access is denied. (0x5)
[1107/164206.361:ERROR:process_reader_win.cc(151)] SuspendThread: Access is denied. (0x5)
[1107/164206.361:ERROR:process_reader_win.cc(151)] SuspendThread: Access is denied. (0x5)
[1107/164206.361:ERROR:process_reader_win.cc(151)] SuspendThread: Access is denied. (0x5)
[1107/164206.362:ERROR:process_reader_win.cc(151)] SuspendThread: Access is denied. (0x5)
[1107/164206.362:ERROR:process_reader_win.cc(151)] SuspendThread: Access is denied. (0x5)
[1107/164206.362:ERROR:process_reader_win.cc(151)] SuspendThread: Access is denied. (0x5)
[1107/164206.362:ERROR:process_reader_win.cc(151)] SuspendThread: Access is denied. (0x5)
[1107/164206.362:ERROR:process_reader_win.cc(151)] SuspendThread: Access is denied. (0x5)
[1107/164206.362:ERROR:process_reader_win.cc(123)] NtOpenThread: An invalid Client ID was specified. (0xc000000b)
[1107/164206.362:ERROR:exception_snapshot_win.cc(98)] thread ID 7184 not found in process
[1107/164206.377:ERROR:process_reader_win.cc(151)] SuspendThread: Access is denied. (0x5)
[1107/164206.377:ERROR:process_reader_win.cc(151)] SuspendThread: Access is denied. (0x5)
[1107/164206.378:ERROR:process_reader_win.cc(151)] SuspendThread: Access is denied. (0x5)
[1107/164206.378:ERROR:process_reader_win.cc(151)] SuspendThread: Access is denied. (0x5)
[1107/164206.378:ERROR:process_reader_win.cc(151)] SuspendThread: Access is denied. (0x5)
[1107/164206.378:ERROR:process_reader_win.cc(151)] SuspendThread: Access is denied. (0x5)
[1107/164206.378:ERROR:process_reader_win.cc(151)] SuspendThread: Access is denied. (0x5)
[1107/164206.378:ERROR:process_reader_win.cc(123)] NtOpenThread: {Access Denied} A process has requested access to an object, but has not been granted those access rights. (0xc0000022)
[1107/164206.382:ERROR:exception_snapshot_win.cc(98)] thread ID 7820 not found in process
[1107/164206.378:ERROR:process_reader_win.cc(123)] NtOpenThread: {Access Denied} A process has requested access to an object, but has not been granted those access rights. (0xc0000022)
[1107/164206.382:ERROR:exception_snapshot_win.cc(98)] thread ID 3176 not found in process
[1108/102909.845:ERROR:process_reader_win.cc(151)] SuspendThread: Access is denied. (0x5)
[1108/102909.848:ERROR:exception_snapshot_win.cc(98)] thread ID 12880 not found in process
[1108/102909.848:ERROR:scoped_process_suspend.cc(40)] NtResumeProcess: An attempt was made to access an exiting process. (0xc000010a)
[1108/103001.115:ERROR:process_reader_win.cc(151)] SuspendThread: Access is denied. (0x5)
[1108/103001.115:ERROR:process_reader_win.cc(151)] SuspendThread: Access is denied. (0x5)
[1108/103001.115:ERROR:process_reader_win.cc(151)] SuspendThread: Access is denied. (0x5)
[1108/103001.115:ERROR:process_reader_win.cc(151)] SuspendThread: Access is denied. (0x5)
[1108/103001.115:ERROR:process_reader_win.cc(151)] SuspendThread: Access is denied. (0x5)
[1108/103001.115:ERROR:process_reader_win.cc(151)] SuspendThread: Access is denied. (0x5)
[1108/103001.115:ERROR:process_reader_win.cc(151)] SuspendThread: Access is denied. (0x5)
[1108/103001.115:ERROR:process_reader_win.cc(151)] SuspendThread: Access is denied. (0x5)
[1108/103001.115:ERROR:process_reader_win.cc(151)] SuspendThread: Access is denied. (0x5)
[1108/103001.115:ERROR:process_reader_win.cc(151)] SuspendThread: Access is denied. (0x5)
[1108/103001.115:ERROR:process_reader_win.cc(151)] SuspendThread: Access is denied. (0x5)
[1108/103001.115:ERROR:process_reader_win.cc(151)] SuspendThread: Access is denied. (0x5)
[1108/103001.115:ERROR:process_reader_win.cc(151)] SuspendThread: Access is denied. (0x5)
[1108/103001.115:ERROR:process_reader_win.cc(151)] SuspendThread: Access is denied. (0x5)
[1108/103001.115:ERROR:process_reader_win.cc(151)] SuspendThread: Access is denied. (0x5)
[1108/103001.115:ERROR:process_reader_win.cc(151)] SuspendThread: Access is denied. (0x5)
[1108/103001.115:ERROR:process_reader_win.cc(151)] SuspendThread: Access is denied. (0x5)
[1108/103001.115:ERROR:process_reader_win.cc(151)] SuspendThread: Access is denied. (0x5)
[1108/103001.115:ERROR:process_reader_win.cc(151)] SuspendThread: Access is denied. (0x5)
[1108/103001.115:ERROR:process_reader_win.cc(151)] SuspendThread: Access is denied. (0x5)
[1108/103001.115:ERROR:process_reader_win.cc(151)] SuspendThread: Access is denied. (0x5)
[1108/103001.115:ERROR:process_reader_win.cc(151)] SuspendThread: Access is denied. (0x5)
[1108/103001.115:ERROR:process_reader_win.cc(151)] SuspendThread: Access is denied. (0x5)
[1108/103001.115:ERROR:process_reader_win.cc(151)] SuspendThread: Access is denied. (0x5)
[1108/103001.115:ERROR:process_reader_win.cc(151)] SuspendThread: Access is denied. (0x5)
[1108/103001.115:ERROR:process_reader_win.cc(151)] SuspendThread: Access is denied. (0x5)
[1108/103001.115:ERROR:process_reader_win.cc(151)] SuspendThread: Access is denied. (0x5)
[1108/103001.115:ERROR:process_reader_win.cc(151)] SuspendThread: Access is denied. (0x5)
[1108/103001.115:ERROR:process_reader_win.cc(151)] SuspendThread: Access is denied. (0x5)
[1108/103001.116:ERROR:process_reader_win.cc(151)] SuspendThread: Access is denied. (0x5)
[1108/103001.116:ERROR:process_reader_win.cc(151)] SuspendThread: Access is denied. (0x5)
[1108/103001.116:ERROR:process_reader_win.cc(151)] SuspendThread: Access is denied. (0x5)
[1108/103001.116:ERROR:process_reader_win.cc(151)] SuspendThread: Access is denied. (0x5)
[1108/103001.116:ERROR:process_reader_win.cc(151)] SuspendThread: Access is denied. (0x5)
[1108/103001.116:ERROR:process_reader_win.cc(151)] SuspendThread: Access is denied. (0x5)
[1108/103001.116:ERROR:process_reader_win.cc(151)] SuspendThread: Access is denied. (0x5)
[1108/103001.116:ERROR:process_reader_win.cc(151)] SuspendThread: Access is denied. (0x5)
[1108/103001.116:ERROR:process_reader_win.cc(151)] SuspendThread: Access is denied. (0x5)
[1108/103001.116:ERROR:process_reader_win.cc(151)] SuspendThread: Access is denied. (0x5)
[1108/103001.116:ERROR:process_reader_win.cc(151)] SuspendThread: Access is denied. (0x5)
[1108/103001.116:ERROR:process_reader_win.cc(151)] SuspendThread: Access is denied. (0x5)
[1108/103001.116:ERROR:process_reader_win.cc(151)] SuspendThread: Access is denied. (0x5)
[1108/103001.116:ERROR:process_reader_win.cc(151)] SuspendThread: Access is denied. (0x5)
[1108/103001.116:ERROR:process_reader_win.cc(151)] SuspendThread: Access is denied. (0x5)
[1108/103001.116:ERROR:process_reader_win.cc(151)] SuspendThread: Access is denied. (0x5)
[1108/103001.116:ERROR:process_reader_win.cc(151)] SuspendThread: Access is denied. (0x5)
[1108/103001.116:ERROR:process_reader_win.cc(151)] SuspendThread: Access is denied. (0x5)
[1108/103001.116:ERROR:process_reader_win.cc(151)] SuspendThread: Access is denied. (0x5)
[1108/103001.116:ERROR:process_reader_win.cc(151)] SuspendThread: Access is denied. (0x5)
[1108/103001.116:ERROR:process_reader_win.cc(151)] SuspendThread: Access is denied. (0x5)
[1108/103001.116:ERROR:process_reader_win.cc(151)] SuspendThread: Access is denied. (0x5)
[1108/103001.116:ERROR:process_reader_win.cc(151)] SuspendThread: Access is denied. (0x5)
[1108/103001.116:ERROR:process_reader_win.cc(151)] SuspendThread: Access is denied. (0x5)
[1108/103001.116:ERROR:process_reader_win.cc(151)] SuspendThread: Access is denied. (0x5)
[1108/103001.116:ERROR:process_reader_win.cc(151)] SuspendThread: Access is denied. (0x5)
[1108/103001.116:ERROR:process_reader_win.cc(151)] SuspendThread: Access is denied. (0x5)
[1108/103001.116:ERROR:process_reader_win.cc(151)] SuspendThread: Access is denied. (0x5)
[1108/103001.116:ERROR:process_reader_win.cc(151)] SuspendThread: Access is denied. (0x5)
[1108/103001.116:ERROR:process_reader_win.cc(123)] NtOpenThread: {Access Denied} A process has requested access to an object, but has not been granted those access rights. (0xc0000022)
[1108/103001.118:ERROR:exception_snapshot_win.cc(98)] thread ID 11296 not found in process
[1108/103001.115:ERROR:process_reader_win.cc(123)] NtOpenThread: {Access Denied} A process has requested access to an object, but has not been granted those access rights. (0xc0000022)
[1108/103001.118:ERROR:exception_snapshot_win.cc(98)] thread ID 14012 not found in process
[1108/103246.330:ERROR:process_reader_win.cc(123)] NtOpenThread: {Access Denied} A process has requested access to an object, but has not been granted those access rights. (0xc0000022)
[1108/103246.331:ERROR:exception_snapshot_win.cc(98)] thread ID 9748 not found in process
[1108/110302.236:ERROR:process_reader_win.cc(123)] NtOpenThread: {Access Denied} A process has requested access to an object, but has not been granted those access rights. (0xc0000022)
[1108/110302.238:ERROR:exception_snapshot_win.cc(98)] thread ID 636 not found in process
[1118/160122.769:ERROR:process_reader_win.cc(123)] NtOpenThread: {Access Denied} A process has requested access to an object, but has not been granted those access rights. (0xc0000022)
[1118/160122.776:ERROR:exception_snapshot_win.cc(98)] thread ID 76 not found in process
[1119/164205.049:ERROR:process_reader_win.cc(123)] NtOpenThread: {Access Denied} A process has requested access to an object, but has not been granted those access rights. (0xc0000022)
[1119/164205.064:ERROR:exception_snapshot_win.cc(98)] thread ID 5336 not found in process
[1121/151053.965:ERROR:process_reader_win.cc(123)] NtOpenThread: {Access Denied} A process has requested access to an object, but has not been granted those access rights. (0xc0000022)
[1121/151053.999:ERROR:exception_snapshot_win.cc(98)] thread ID 12516 not found in process
[1126/144149.014:ERROR:process_reader_win.cc(123)] NtOpenThread: {Access Denied} A process has requested access to an object, but has not been granted those access rights. (0xc0000022)
[1126/144149.031:ERROR:exception_snapshot_win.cc(98)] thread ID 8440 not found in process
